<?xml version="1.0" encoding="UTF-8"?>
<coverage generated="1759459393205" clover="3.2.0">
  <project timestamp="1759459393205" name="All files">
    <metrics statements="178" coveredstatements="156" conditionals="108" coveredconditionals="82" methods="45" coveredmethods="31" elements="331" coveredelements="269" complexity="0" loc="178" ncloc="178" packages="6" files="17" classes="17"/>
    <package name="app">
      <metrics statements="10" coveredstatements="5" conditionals="0" coveredconditionals="0" methods="2" coveredmethods="1"/>
      <file name="layout.tsx" path="C:\Users\58424\Desktop\rick-morty-app\app\layout.tsx">
        <metrics statements="5" coveredstatements="0" conditionals="0" coveredconditionals="0" methods="1" coveredmethods="0"/>
        <line num="2" count="0" type="stmt"/>
        <line num="3" count="0" type="stmt"/>
        <line num="4" count="0" type="stmt"/>
        <line num="6" count="0" type="stmt"/>
        <line num="13" count="0" type="stmt"/>
      </file>
      <file name="page.tsx" path="C:\Users\58424\Desktop\rick-morty-app\app\page.tsx">
        <metrics statements="5" coveredstatements="5" conditionals="0" coveredconditionals="0" methods="1" coveredmethods="1"/>
        <line num="1" count="2" type="stmt"/>
        <line num="2" count="2" type="stmt"/>
        <line num="3" count="2" type="stmt"/>
        <line num="5" count="2" type="stmt"/>
        <line num="6" count="2" type="stmt"/>
      </file>
    </package>
    <package name="components">
      <metrics statements="20" coveredstatements="20" conditionals="10" coveredconditionals="10" methods="4" coveredmethods="4"/>
      <file name="app-header.tsx" path="C:\Users\58424\Desktop\rick-morty-app\components\app-header.tsx">
        <metrics statements="3" coveredstatements="3" conditionals="3" coveredconditionals="3" methods="1" coveredmethods="1"/>
        <line num="1" count="3" type="stmt"/>
        <line num="10" count="3" type="stmt"/>
        <line num="29" count="4" type="stmt"/>
      </file>
      <file name="theme-toggle.tsx" path="C:\Users\58424\Desktop\rick-morty-app\components\theme-toggle.tsx">
        <metrics statements="17" coveredstatements="17" conditionals="7" coveredconditionals="7" methods="3" coveredmethods="3"/>
        <line num="3" count="1" type="stmt"/>
        <line num="4" count="1" type="stmt"/>
        <line num="5" count="1" type="stmt"/>
        <line num="7" count="1" type="stmt"/>
        <line num="8" count="9" type="stmt"/>
        <line num="10" count="9" type="stmt"/>
        <line num="11" count="4" type="stmt"/>
        <line num="12" count="4" type="stmt"/>
        <line num="15" count="4" type="cond" truecount="4" falsecount="0"/>
        <line num="16" count="4" type="stmt"/>
        <line num="17" count="4" type="stmt"/>
        <line num="20" count="9" type="stmt"/>
        <line num="21" count="2" type="cond" truecount="2" falsecount="0"/>
        <line num="22" count="2" type="stmt"/>
        <line num="23" count="2" type="stmt"/>
        <line num="24" count="2" type="stmt"/>
        <line num="44" count="4" type="stmt"/>
      </file>
    </package>
    <package name="components.character">
      <metrics statements="45" coveredstatements="44" conditionals="32" coveredconditionals="22" methods="14" coveredmethods="11"/>
      <file name="character-card.tsx" path="C:\Users\58424\Desktop\rick-morty-app\components\character\character-card.tsx">
        <metrics statements="6" coveredstatements="6" conditionals="10" coveredconditionals="7" methods="1" coveredmethods="1"/>
        <line num="4" count="2" type="stmt"/>
        <line num="5" count="2" type="stmt"/>
        <line num="7" count="2" type="stmt"/>
        <line num="16" count="2" type="stmt"/>
        <line num="23" count="5" type="cond" truecount="1" falsecount="1"/>
        <line num="65" count="5" type="stmt"/>
      </file>
      <file name="character-column.tsx" path="C:\Users\58424\Desktop\rick-morty-app\components\character\character-column.tsx">
        <metrics statements="25" coveredstatements="24" conditionals="22" coveredconditionals="15" methods="9" coveredmethods="6"/>
        <line num="3" count="2" type="stmt"/>
        <line num="4" count="2" type="stmt"/>
        <line num="5" count="2" type="stmt"/>
        <line num="6" count="2" type="stmt"/>
        <line num="7" count="2" type="stmt"/>
        <line num="8" count="2" type="stmt"/>
        <line num="9" count="2" type="stmt"/>
        <line num="11" count="2" type="stmt"/>
        <line num="13" count="2" type="stmt"/>
        <line num="23" count="2" type="stmt"/>
        <line num="30" count="16" type="stmt"/>
        <line num="31" count="16" type="stmt"/>
        <line num="33" count="16" type="stmt"/>
        <line num="37" count="16" type="stmt"/>
        <line num="46" count="16" type="stmt"/>
        <line num="47" count="0" type="cond" truecount="0" falsecount="2"/>
        <line num="50" count="16" type="stmt"/>
        <line num="51" count="2" type="cond" truecount="1" falsecount="1"/>
        <line num="54" count="16" type="stmt"/>
        <line num="55" count="1" type="stmt"/>
        <line num="56" count="1" type="stmt"/>
        <line num="94" count="1" type="stmt"/>
        <line num="111" count="17" type="stmt"/>
        <line num="115" count="1" type="stmt"/>
        <line num="128" count="13" type="stmt"/>
      </file>
      <file name="character-grid-skeleton.tsx" path="C:\Users\58424\Desktop\rick-morty-app\components\character\character-grid-skeleton.tsx">
        <metrics statements="4" coveredstatements="4" conditionals="0" coveredconditionals="0" methods="2" coveredmethods="2"/>
        <line num="1" count="2" type="stmt"/>
        <line num="3" count="2" type="stmt"/>
        <line num="7" count="18" type="stmt"/>
        <line num="13" count="2" type="stmt"/>
      </file>
      <file name="character-selection.tsx" path="C:\Users\58424\Desktop\rick-morty-app\components\character\character-selection.tsx">
        <metrics statements="7" coveredstatements="7" conditionals="0" coveredconditionals="0" methods="1" coveredmethods="1"/>
        <line num="3" count="1" type="stmt"/>
        <line num="4" count="1" type="stmt"/>
        <line num="5" count="1" type="stmt"/>
        <line num="13" count="1" type="stmt"/>
        <line num="14" count="3" type="stmt"/>
        <line num="17" count="3" type="stmt"/>
        <line num="66" count="3" type="stmt"/>
      </file>
      <file name="character-skeleton.tsx" path="C:\Users\58424\Desktop\rick-morty-app\components\character\character-skeleton.tsx">
        <metrics statements="3" coveredstatements="3" conditionals="0" coveredconditionals="0" methods="1" coveredmethods="1"/>
        <line num="1" count="2" type="stmt"/>
        <line num="3" count="2" type="stmt"/>
        <line num="18" count="19" type="stmt"/>
      </file>
    </package>
    <package name="components.episode">
      <metrics statements="62" coveredstatements="55" conditionals="54" coveredconditionals="42" methods="13" coveredmethods="9"/>
      <file name="episode-grid-skeleton.tsx" path="C:\Users\58424\Desktop\rick-morty-app\components\episode\episode-grid-skeleton.tsx">
        <metrics statements="4" coveredstatements="4" conditionals="0" coveredconditionals="0" methods="2" coveredmethods="2"/>
        <line num="1" count="1" type="stmt"/>
        <line num="3" count="1" type="stmt"/>
        <line num="7" count="12" type="stmt"/>
        <line num="13" count="2" type="stmt"/>
      </file>
      <file name="episode-section.tsx" path="C:\Users\58424\Desktop\rick-morty-app\components\episode\episode-section.tsx">
        <metrics statements="55" coveredstatements="48" conditionals="54" coveredconditionals="42" methods="10" coveredmethods="6"/>
        <line num="3" count="2" type="stmt"/>
        <line num="4" count="2" type="stmt"/>
        <line num="5" count="2" type="stmt"/>
        <line num="6" count="2" type="stmt"/>
        <line num="8" count="2" type="stmt"/>
        <line num="10" count="2" type="stmt"/>
        <line num="21" count="2" type="stmt"/>
        <line num="27" count="29" type="stmt"/>
        <line num="28" count="29" type="stmt"/>
        <line num="30" count="29" type="stmt"/>
        <line num="35" count="29" type="stmt"/>
        <line num="40" count="29" type="stmt"/>
        <line num="41" count="14" type="stmt"/>
        <line num="42" count="14" type="cond" truecount="4" falsecount="0"/>
        <line num="43" count="4" type="stmt"/>
        <line num="44" count="4" type="stmt"/>
        <line num="46" count="10" type="cond" truecount="4" falsecount="0"/>
        <line num="47" count="3" type="stmt"/>
        <line num="48" count="3" type="stmt"/>
        <line num="50" count="7" type="cond" truecount="5" falsecount="0"/>
        <line num="51" count="4" type="stmt"/>
        <line num="52" count="4" type="stmt"/>
        <line num="55" count="3" type="stmt"/>
        <line num="57" count="3" type="stmt"/>
        <line num="58" count="3" type="stmt"/>
        <line num="60" count="3" type="cond" truecount="3" falsecount="1"/>
        <line num="61" count="3" type="cond" truecount="2" falsecount="0"/>
        <line num="62" count="3" type="stmt"/>
        <line num="63" count="4" type="stmt"/>
        <line num="65" count="0" type="cond" truecount="0" falsecount="4"/>
        <line num="66" count="0" type="cond" truecount="0" falsecount="2"/>
        <line num="67" count="0" type="stmt"/>
        <line num="68" count="0" type="stmt"/>
        <line num="70" count="0" type="cond" truecount="0" falsecount="5"/>
        <line num="71" count="0" type="stmt"/>
        <line num="72" count="0" type="stmt"/>
        <line num="76" count="3" type="cond" truecount="2" falsecount="0"/>
        <line num="77" count="1" type="stmt"/>
        <line num="78" count="1" type="stmt"/>
        <line num="79" count="1" type="stmt"/>
        <line num="82" count="2" type="stmt"/>
        <line num="83" count="3" type="stmt"/>
        <line num="86" count="2" type="stmt"/>
        <line num="87" count="1" type="stmt"/>
        <line num="89" count="1" type="stmt"/>
        <line num="90" count="1" type="stmt"/>
        <line num="92" count="3" type="stmt"/>
        <line num="96" count="14" type="stmt"/>
        <line num="100" count="29" type="cond" truecount="7" falsecount="0"/>
        <line num="104" count="29" type="cond" truecount="2" falsecount="0"/>
        <line num="121" count="7" type="cond" truecount="5" falsecount="0"/>
        <line num="122" count="1" type="stmt"/>
        <line num="123" count="6" type="cond" truecount="2" falsecount="0"/>
        <line num="133" count="2" type="stmt"/>
        <line num="164" count="14" type="stmt"/>
      </file>
      <file name="episode-skeleton.tsx" path="C:\Users\58424\Desktop\rick-morty-app\components\episode\episode-skeleton.tsx">
        <metrics statements="3" coveredstatements="3" conditionals="0" coveredconditionals="0" methods="1" coveredmethods="1"/>
        <line num="1" count="3" type="stmt"/>
        <line num="3" count="3" type="stmt"/>
        <line num="17" count="3" type="stmt"/>
      </file>
    </package>
    <package name="components.ui">
      <metrics statements="19" coveredstatements="13" conditionals="3" coveredconditionals="2" methods="9" coveredmethods="3"/>
      <file name="button.tsx" path="C:\Users\58424\Desktop\rick-morty-app\components\ui\button.tsx">
        <metrics statements="7" coveredstatements="7" conditionals="3" coveredconditionals="2" methods="1" coveredmethods="1"/>
        <line num="1" count="3" type="stmt"/>
        <line num="2" count="3" type="stmt"/>
        <line num="3" count="3" type="stmt"/>
        <line num="5" count="3" type="stmt"/>
        <line num="7" count="3" type="stmt"/>
        <line num="48" count="40" type="cond" truecount="1" falsecount="1"/>
        <line num="59" count="41" type="stmt"/>
      </file>
      <file name="card.tsx" path="C:\Users\58424\Desktop\rick-morty-app\components\ui\card.tsx">
        <metrics statements="9" coveredstatements="3" conditionals="0" coveredconditionals="0" methods="7" coveredmethods="1"/>
        <line num="1" count="5" type="stmt"/>
        <line num="3" count="5" type="stmt"/>
        <line num="85" count="55" type="stmt"/>
        <line num="86" count="0" type="stmt"/>
        <line num="87" count="0" type="stmt"/>
        <line num="88" count="0" type="stmt"/>
        <line num="89" count="0" type="stmt"/>
        <line num="90" count="0" type="stmt"/>
        <line num="91" count="0" type="stmt"/>
      </file>
      <file name="input.tsx" path="C:\Users\58424\Desktop\rick-morty-app\components\ui\input.tsx">
        <metrics statements="3" coveredstatements="3" conditionals="0" coveredconditionals="0" methods="1" coveredmethods="1"/>
        <line num="1" count="2" type="stmt"/>
        <line num="3" count="2" type="stmt"/>
        <line num="21" count="16" type="stmt"/>
      </file>
    </package>
    <package name="lib">
      <metrics statements="22" coveredstatements="19" conditionals="9" coveredconditionals="6" methods="3" coveredmethods="3"/>
      <file name="api.ts" path="C:\Users\58424\Desktop\rick-morty-app\lib\api.ts">
        <metrics statements="18" coveredstatements="15" conditionals="9" coveredconditionals="6" methods="2" coveredmethods="2"/>
        <line num="4" count="20" type="cond" truecount="1" falsecount="1"/>
        <line num="6" count="2" type="cond" truecount="0" falsecount="1"/>
        <line num="7" count="2" type="stmt"/>
        <line num="8" count="2" type="stmt"/>
        <line num="12" count="2" type="cond" truecount="2" falsecount="0"/>
        <line num="13" count="1" type="stmt"/>
        <line num="16" count="1" type="stmt"/>
        <line num="18" count="1" type="stmt"/>
        <line num="19" count="1" type="stmt"/>
        <line num="23" count="2" type="stmt"/>
        <line num="24" count="2" type="stmt"/>
        <line num="25" count="2" type="stmt"/>
        <line num="29" count="2" type="cond" truecount="1" falsecount="1"/>
        <line num="30" count="0" type="stmt"/>
        <line num="33" count="2" type="stmt"/>
        <line num="34" count="2" type="cond" truecount="2" falsecount="0"/>
        <line num="36" count="0" type="stmt"/>
        <line num="37" count="0" type="stmt"/>
      </file>
      <file name="utils.ts" path="C:\Users\58424\Desktop\rick-morty-app\lib\utils.ts">
        <metrics statements="4" coveredstatements="4" conditionals="0" coveredconditionals="0" methods="1" coveredmethods="1"/>
        <line num="1" count="7" type="stmt"/>
        <line num="2" count="7" type="stmt"/>
        <line num="4" count="121" type="stmt"/>
        <line num="5" count="121" type="stmt"/>
      </file>
    </package>
  </project>
</coverage>
