{"C:\\Users\\58424\\Desktop\\rick-morty-app\\app\\layout.tsx": {"path":"C:\\Users\\58424\\Desktop\\rick-morty-app\\app\\layout.tsx","statementMap":{"0":{"start":{"line":13,"column":24},"end":{"line":13,"column":35}},"1":{"start":{"line":6,"column":13},"end":{"line":6,"column":21}},"2":{"start":{"line":2,"column":26},"end":{"line":2,"column":null}},"3":{"start":{"line":3,"column":26},"end":{"line":3,"column":null}},"4":{"start":{"line":4,"column":7},"end":{"line":4,"column":null}},"5":{"start":{"line":6,"column":34},"end":{"line":11,"column":null}}},"fnMap":{"0":{"name":"RootLayout","decl":{"start":{"line":13,"column":24},"end":{"line":13,"column":35}},"loc":{"start":{"line":17,"column":2},"end":{"line":25,"column":1}}}},"branchMap":{},"s":{"0":0,"1":0,"2":0,"3":0,"4":0,"5":0},"f":{"0":0},"b":{}}
,"C:\\Users\\58424\\Desktop\\rick-morty-app\\app\\page.tsx": {"path":"C:\\Users\\58424\\Desktop\\rick-morty-app\\app\\page.tsx","statementMap":{"0":{"start":{"line":5,"column":30},"end":{"line":5,"column":null}},"1":{"start":{"line":1,"column":31},"end":{"line":1,"column":null}},"2":{"start":{"line":2,"column":22},"end":{"line":2,"column":null}},"3":{"start":{"line":3,"column":30},"end":{"line":3,"column":null}},"4":{"start":{"line":6,"column":39},"end":{"line":9,"column":null}}},"fnMap":{"0":{"name":"Home","decl":{"start":{"line":5,"column":30},"end":{"line":5,"column":null}},"loc":{"start":{"line":5,"column":30},"end":{"line":23,"column":null}}}},"branchMap":{},"s":{"0":2,"1":2,"2":2,"3":2,"4":2},"f":{"0":2},"b":{}}
,"C:\\Users\\58424\\Desktop\\rick-morty-app\\components\\app-header.tsx": {"path":"C:\\Users\\58424\\Desktop\\rick-morty-app\\components\\app-header.tsx","statementMap":{"0":{"start":{"line":29,"column":0},"end":{"line":29,"column":15}},"1":{"start":{"line":1,"column":24},"end":{"line":1,"column":null}},"2":{"start":{"line":10,"column":29},"end":{"line":27,"column":null}},"3":{"start":{"line":29,"column":15},"end":{"line":29,"column":null}}},"fnMap":{"0":{"name":"(anonymous_2)","decl":{"start":{"line":10,"column":29},"end":{"line":10,"column":30}},"loc":{"start":{"line":14,"column":1},"end":{"line":27,"column":null}}}},"branchMap":{"0":{"loc":{"start":{"line":11,"column":2},"end":{"line":11,"column":23}},"type":"default-arg","locations":[{"start":{"line":11,"column":17},"end":{"line":11,"column":23}}]},"1":{"loc":{"start":{"line":12,"column":2},"end":{"line":12,"column":26}},"type":"default-arg","locations":[{"start":{"line":12,"column":19},"end":{"line":12,"column":26}}]},"2":{"loc":{"start":{"line":13,"column":2},"end":{"line":13,"column":84}},"type":"default-arg","locations":[{"start":{"line":13,"column":13},"end":{"line":13,"column":84}}]}},"s":{"0":4,"1":3,"2":3,"3":3},"f":{"0":4},"b":{"0":[3],"1":[3],"2":[3]}}
,"C:\\Users\\58424\\Desktop\\rick-morty-app\\components\\theme-toggle.tsx": {"path":"C:\\Users\\58424\\Desktop\\rick-morty-app\\components\\theme-toggle.tsx","statementMap":{"0":{"start":{"line":44,"column":0},"end":{"line":44,"column":15}},"1":{"start":{"line":3,"column":26},"end":{"line":3,"column":null}},"2":{"start":{"line":4,"column":36},"end":{"line":4,"column":null}},"3":{"start":{"line":5,"column":23},"end":{"line":5,"column":null}},"4":{"start":{"line":7,"column":20},"end":{"line":42,"column":null}},"5":{"start":{"line":8,"column":28},"end":{"line":8,"column":null}},"6":{"start":{"line":10,"column":2},"end":{"line":18,"column":null}},"7":{"start":{"line":11,"column":23},"end":{"line":11,"column":null}},"8":{"start":{"line":12,"column":24},"end":{"line":14,"column":13}},"9":{"start":{"line":15,"column":25},"end":{"line":15,"column":null}},"10":{"start":{"line":16,"column":4},"end":{"line":16,"column":null}},"11":{"start":{"line":17,"column":4},"end":{"line":17,"column":null}},"12":{"start":{"line":20,"column":22},"end":{"line":25,"column":null}},"13":{"start":{"line":21,"column":21},"end":{"line":21,"column":null}},"14":{"start":{"line":22,"column":4},"end":{"line":22,"column":null}},"15":{"start":{"line":23,"column":4},"end":{"line":23,"column":null}},"16":{"start":{"line":24,"column":4},"end":{"line":24,"column":null}},"17":{"start":{"line":44,"column":15},"end":{"line":44,"column":null}}},"fnMap":{"0":{"name":"(anonymous_1)","decl":{"start":{"line":7,"column":20},"end":{"line":7,"column":null}},"loc":{"start":{"line":7,"column":20},"end":{"line":42,"column":null}}},"1":{"name":"(anonymous_2)","decl":{"start":{"line":10,"column":12},"end":{"line":10,"column":null}},"loc":{"start":{"line":10,"column":12},"end":{"line":18,"column":5}}},"2":{"name":"(anonymous_3)","decl":{"start":{"line":20,"column":22},"end":{"line":20,"column":null}},"loc":{"start":{"line":20,"column":22},"end":{"line":25,"column":null}}}},"branchMap":{"0":{"loc":{"start":{"line":15,"column":25},"end":{"line":15,"column":null}},"type":"binary-expr","locations":[{"start":{"line":15,"column":25},"end":{"line":15,"column":40}},{"start":{"line":15,"column":40},"end":{"line":15,"column":69}}]},"1":{"loc":{"start":{"line":15,"column":40},"end":{"line":15,"column":69}},"type":"cond-expr","locations":[{"start":{"line":15,"column":54},"end":{"line":15,"column":63}},{"start":{"line":15,"column":63},"end":{"line":15,"column":69}}]},"2":{"loc":{"start":{"line":21,"column":21},"end":{"line":21,"column":null}},"type":"cond-expr","locations":[{"start":{"line":21,"column":41},"end":{"line":21,"column":50}},{"start":{"line":21,"column":50},"end":{"line":21,"column":null}}]},"3":{"loc":{"start":{"line":35,"column":8},"end":{"line":37,"column":9}},"type":"cond-expr","locations":[{"start":{"line":35,"column":8},"end":{"line":37,"column":9}}]}},"s":{"0":4,"1":1,"2":1,"3":1,"4":1,"5":9,"6":9,"7":4,"8":4,"9":4,"10":4,"11":4,"12":9,"13":2,"14":2,"15":2,"16":2,"17":1},"f":{"0":9,"1":4,"2":2},"b":{"0":[4,3],"1":[1,2],"2":[1,1],"3":[5]}}
,"C:\\Users\\58424\\Desktop\\rick-morty-app\\components\\character\\character-card.tsx": {"path":"C:\\Users\\58424\\Desktop\\rick-morty-app\\components\\character\\character-card.tsx","statementMap":{"0":{"start":{"line":65,"column":0},"end":{"line":65,"column":15}},"1":{"start":{"line":4,"column":21},"end":{"line":4,"column":null}},"2":{"start":{"line":5,"column":19},"end":{"line":5,"column":null}},"3":{"start":{"line":7,"column":18},"end":{"line":7,"column":null}},"4":{"start":{"line":16,"column":33},"end":{"line":63,"column":null}},"5":{"start":{"line":23,"column":4},"end":{"line":27,"column":null}},"6":{"start":{"line":65,"column":15},"end":{"line":65,"column":null}}},"fnMap":{"0":{"name":"(anonymous_2)","decl":{"start":{"line":16,"column":33},"end":{"line":16,"column":34}},"loc":{"start":{"line":21,"column":1},"end":{"line":63,"column":null}}}},"branchMap":{"0":{"loc":{"start":{"line":23,"column":4},"end":{"line":27,"column":null}},"type":"binary-expr","locations":[{"start":{"line":23,"column":4},"end":{"line":27,"column":23}},{"start":{"line":27,"column":27},"end":{"line":27,"column":null}}]},"1":{"loc":{"start":{"line":33,"column":8},"end":{"line":35,"column":null}},"type":"binary-expr","locations":[{"start":{"line":33,"column":8},"end":{"line":33,"column":null}},{"start":{"line":34,"column":10},"end":{"line":34,"column":null}},{"start":{"line":35,"column":10},"end":{"line":35,"column":null}}]},"2":{"loc":{"start":{"line":36,"column":8},"end":{"line":38,"column":null}},"type":"binary-expr","locations":[{"start":{"line":36,"column":8},"end":{"line":36,"column":null}},{"start":{"line":37,"column":10},"end":{"line":37,"column":null}},{"start":{"line":38,"column":10},"end":{"line":38,"column":null}}]},"3":{"loc":{"start":{"line":44,"column":15},"end":{"line":44,"column":null}},"type":"binary-expr","locations":[{"start":{"line":44,"column":15},"end":{"line":44,"column":30}},{"start":{"line":44,"column":34},"end":{"line":44,"column":null}}]}},"s":{"0":5,"1":2,"2":2,"3":2,"4":2,"5":5,"6":2},"f":{"0":5},"b":{"0":[5,0],"1":[5,1,1],"2":[5,1,0],"3":[5,0]}}
,"C:\\Users\\58424\\Desktop\\rick-morty-app\\components\\character\\character-column.tsx": {"path":"C:\\Users\\58424\\Desktop\\rick-morty-app\\components\\character\\character-column.tsx","statementMap":{"0":{"start":{"line":128,"column":0},"end":{"line":128,"column":15}},"1":{"start":{"line":3,"column":29},"end":{"line":3,"column":null}},"2":{"start":{"line":4,"column":19},"end":{"line":4,"column":null}},"3":{"start":{"line":5,"column":26},"end":{"line":5,"column":null}},"4":{"start":{"line":6,"column":34},"end":{"line":6,"column":null}},"5":{"start":{"line":7,"column":23},"end":{"line":7,"column":null}},"6":{"start":{"line":8,"column":22},"end":{"line":8,"column":null}},"7":{"start":{"line":9,"column":50},"end":{"line":9,"column":null}},"8":{"start":{"line":11,"column":24},"end":{"line":11,"column":null}},"9":{"start":{"line":13,"column":16},"end":{"line":13,"column":null}},"10":{"start":{"line":13,"column":33},"end":{"line":13,"column":null}},"11":{"start":{"line":13,"column":58},"end":{"line":13,"column":null}},"12":{"start":{"line":23,"column":35},"end":{"line":126,"column":null}},"13":{"start":{"line":30,"column":26},"end":{"line":30,"column":null}},"14":{"start":{"line":31,"column":40},"end":{"line":31,"column":null}},"15":{"start":{"line":33,"column":17},"end":{"line":35,"column":4}},"16":{"start":{"line":37,"column":37},"end":{"line":43,"column":null}},"17":{"start":{"line":46,"column":25},"end":{"line":48,"column":null}},"18":{"start":{"line":47,"column":4},"end":{"line":47,"column":null}},"19":{"start":{"line":47,"column":18},"end":{"line":47,"column":null}},"20":{"start":{"line":50,"column":25},"end":{"line":52,"column":null}},"21":{"start":{"line":51,"column":4},"end":{"line":51,"column":null}},"22":{"start":{"line":51,"column":25},"end":{"line":51,"column":null}},"23":{"start":{"line":54,"column":23},"end":{"line":57,"column":null}},"24":{"start":{"line":55,"column":4},"end":{"line":55,"column":null}},"25":{"start":{"line":56,"column":4},"end":{"line":56,"column":null}},"26":{"start":{"line":94,"column":27},"end":{"line":94,"column":null}},"27":{"start":{"line":111,"column":18},"end":{"line":112,"column":null}},"28":{"start":{"line":115,"column":36},"end":{"line":115,"column":null}},"29":{"start":{"line":128,"column":15},"end":{"line":128,"column":null}}},"fnMap":{"0":{"name":"(anonymous_2)","decl":{"start":{"line":13,"column":16},"end":{"line":13,"column":17}},"loc":{"start":{"line":13,"column":33},"end":{"line":13,"column":null}}},"1":{"name":"(anonymous_3)","decl":{"start":{"line":13,"column":49},"end":{"line":13,"column":50}},"loc":{"start":{"line":13,"column":58},"end":{"line":13,"column":null}}},"2":{"name":"(anonymous_4)","decl":{"start":{"line":23,"column":35},"end":{"line":23,"column":36}},"loc":{"start":{"line":29,"column":1},"end":{"line":126,"column":null}}},"3":{"name":"(anonymous_5)","decl":{"start":{"line":46,"column":25},"end":{"line":46,"column":null}},"loc":{"start":{"line":46,"column":25},"end":{"line":48,"column":null}}},"4":{"name":"(anonymous_6)","decl":{"start":{"line":50,"column":25},"end":{"line":50,"column":null}},"loc":{"start":{"line":50,"column":25},"end":{"line":52,"column":null}}},"5":{"name":"(anonymous_7)","decl":{"start":{"line":54,"column":23},"end":{"line":54,"column":24}},"loc":{"start":{"line":54,"column":24},"end":{"line":57,"column":null}}},"6":{"name":"(anonymous_8)","decl":{"start":{"line":94,"column":20},"end":{"line":94,"column":21}},"loc":{"start":{"line":94,"column":27},"end":{"line":94,"column":null}}},"7":{"name":"(anonymous_9)","decl":{"start":{"line":110,"column":36},"end":{"line":110,"column":37}},"loc":{"start":{"line":111,"column":18},"end":{"line":112,"column":null}}},"8":{"name":"(anonymous_10)","decl":{"start":{"line":115,"column":30},"end":{"line":115,"column":36}},"loc":{"start":{"line":115,"column":36},"end":{"line":115,"column":null}}}},"branchMap":{"0":{"loc":{"start":{"line":34,"column":4},"end":{"line":34,"column":null}},"type":"cond-expr","locations":[{"start":{"line":34,"column":18},"end":{"line":34,"column":60}},{"start":{"line":34,"column":63},"end":{"line":34,"column":null}}]},"1":{"loc":{"start":{"line":41,"column":20},"end":{"line":41,"column":null}},"type":"cond-expr","locations":[{"start":{"line":41,"column":49},"end":{"line":41,"column":63}},{"start":{"line":41,"column":63},"end":{"line":41,"column":null}}]},"2":{"loc":{"start":{"line":41,"column":20},"end":{"line":41,"column":49}},"type":"binary-expr","locations":[{"start":{"line":41,"column":20},"end":{"line":41,"column":34}},{"start":{"line":41,"column":34},"end":{"line":41,"column":49}}]},"3":{"loc":{"start":{"line":47,"column":4},"end":{"line":47,"column":null}},"type":"if","locations":[{"start":{"line":47,"column":4},"end":{"line":47,"column":null}},{"start":{},"end":{}}]},"4":{"loc":{"start":{"line":51,"column":4},"end":{"line":51,"column":null}},"type":"if","locations":[{"start":{"line":51,"column":4},"end":{"line":51,"column":null}},{"start":{},"end":{}}]},"5":{"loc":{"start":{"line":68,"column":22},"end":{"line":68,"column":null}},"type":"binary-expr","locations":[{"start":{"line":68,"column":22},"end":{"line":68,"column":36}},{"start":{"line":68,"column":36},"end":{"line":68,"column":null}}]},"6":{"loc":{"start":{"line":74,"column":28},"end":{"line":74,"column":null}},"type":"binary-expr","locations":[{"start":{"line":74,"column":28},"end":{"line":74,"column":49}},{"start":{"line":74,"column":49},"end":{"line":74,"column":null}}]},"7":{"loc":{"start":{"line":80,"column":22},"end":{"line":80,"column":null}},"type":"binary-expr","locations":[{"start":{"line":80,"column":22},"end":{"line":80,"column":43}},{"start":{"line":80,"column":43},"end":{"line":80,"column":null}}]},"8":{"loc":{"start":{"line":101,"column":10},"end":{"line":101,"column":null}},"type":"cond-expr","locations":[{"start":{"line":101,"column":10},"end":{"line":101,"column":null}}]},"9":{"loc":{"start":{"line":105,"column":14},"end":{"line":109,"column":15}},"type":"cond-expr","locations":[{"start":{"line":105,"column":14},"end":{"line":109,"column":15}}]},"10":{"loc":{"start":{"line":104,"column":13},"end":{"line":104,"column":null}},"type":"binary-expr","locations":[{"start":{"line":104,"column":13},"end":{"line":104,"column":22}},{"start":{"line":104,"column":22},"end":{"line":104,"column":null}}]},"11":{"loc":{"start":{"line":106,"column":17},"end":{"line":106,"column":null}},"type":"binary-expr","locations":[{"start":{"line":106,"column":17},"end":{"line":106,"column":32}},{"start":{"line":106,"column":32},"end":{"line":106,"column":null}}]}},"s":{"0":13,"1":2,"2":2,"3":2,"4":2,"5":2,"6":2,"7":2,"8":2,"9":2,"10":0,"11":0,"12":2,"13":16,"14":16,"15":16,"16":16,"17":16,"18":0,"19":0,"20":16,"21":2,"22":2,"23":16,"24":1,"25":1,"26":1,"27":17,"28":1,"29":2},"f":{"0":0,"1":0,"2":16,"3":0,"4":2,"5":1,"6":1,"7":17,"8":1},"b":{"0":[1,15],"1":[13,3],"2":[16,14],"3":[0,0],"4":[2,0],"5":[16,2],"6":[16,6],"7":[16,8],"8":[0],"9":[0],"10":[16,16],"11":[0,0]}}
,"C:\\Users\\58424\\Desktop\\rick-morty-app\\components\\character\\character-grid-skeleton.tsx": {"path":"C:\\Users\\58424\\Desktop\\rick-morty-app\\components\\character\\character-grid-skeleton.tsx","statementMap":{"0":{"start":{"line":13,"column":0},"end":{"line":13,"column":15}},"1":{"start":{"line":1,"column":30},"end":{"line":1,"column":null}},"2":{"start":{"line":3,"column":30},"end":{"line":11,"column":null}},"3":{"start":{"line":7,"column":8},"end":{"line":7,"column":null}},"4":{"start":{"line":13,"column":15},"end":{"line":13,"column":null}}},"fnMap":{"0":{"name":"(anonymous_2)","decl":{"start":{"line":3,"column":30},"end":{"line":3,"column":null}},"loc":{"start":{"line":3,"column":30},"end":{"line":11,"column":null}}},"1":{"name":"(anonymous_3)","decl":{"start":{"line":6,"column":37},"end":{"line":6,"column":38}},"loc":{"start":{"line":7,"column":8},"end":{"line":7,"column":null}}}},"branchMap":{},"s":{"0":2,"1":2,"2":2,"3":18,"4":2},"f":{"0":2,"1":18},"b":{}}
,"C:\\Users\\58424\\Desktop\\rick-morty-app\\components\\character\\character-selection.tsx": {"path":"C:\\Users\\58424\\Desktop\\rick-morty-app\\components\\character\\character-selection.tsx","statementMap":{"0":{"start":{"line":66,"column":0},"end":{"line":66,"column":15}},"1":{"start":{"line":3,"column":29},"end":{"line":3,"column":null}},"2":{"start":{"line":4,"column":28},"end":{"line":4,"column":null}},"3":{"start":{"line":5,"column":27},"end":{"line":5,"column":null}},"4":{"start":{"line":13,"column":38},"end":{"line":64,"column":null}},"5":{"start":{"line":14,"column":54},"end":{"line":15,"column":null}},"6":{"start":{"line":17,"column":54},"end":{"line":18,"column":null}},"7":{"start":{"line":66,"column":15},"end":{"line":66,"column":null}}},"fnMap":{"0":{"name":"(anonymous_2)","decl":{"start":{"line":13,"column":38},"end":{"line":13,"column":39}},"loc":{"start":{"line":13,"column":69},"end":{"line":64,"column":null}}}},"branchMap":{},"s":{"0":3,"1":1,"2":1,"3":1,"4":1,"5":3,"6":3,"7":1},"f":{"0":3},"b":{}}
,"C:\\Users\\58424\\Desktop\\rick-morty-app\\components\\character\\character-skeleton.tsx": {"path":"C:\\Users\\58424\\Desktop\\rick-morty-app\\components\\character\\character-skeleton.tsx","statementMap":{"0":{"start":{"line":18,"column":0},"end":{"line":18,"column":15}},"1":{"start":{"line":1,"column":21},"end":{"line":1,"column":null}},"2":{"start":{"line":3,"column":26},"end":{"line":16,"column":null}},"3":{"start":{"line":18,"column":15},"end":{"line":18,"column":null}}},"fnMap":{"0":{"name":"(anonymous_1)","decl":{"start":{"line":3,"column":26},"end":{"line":3,"column":null}},"loc":{"start":{"line":3,"column":26},"end":{"line":16,"column":null}}}},"branchMap":{},"s":{"0":19,"1":2,"2":2,"3":2},"f":{"0":19},"b":{}}
,"C:\\Users\\58424\\Desktop\\rick-morty-app\\components\\episode\\episode-grid-skeleton.tsx": {"path":"C:\\Users\\58424\\Desktop\\rick-morty-app\\components\\episode\\episode-grid-skeleton.tsx","statementMap":{"0":{"start":{"line":13,"column":0},"end":{"line":13,"column":15}},"1":{"start":{"line":1,"column":28},"end":{"line":1,"column":null}},"2":{"start":{"line":3,"column":28},"end":{"line":11,"column":null}},"3":{"start":{"line":7,"column":8},"end":{"line":7,"column":null}},"4":{"start":{"line":13,"column":15},"end":{"line":13,"column":null}}},"fnMap":{"0":{"name":"(anonymous_2)","decl":{"start":{"line":3,"column":28},"end":{"line":3,"column":null}},"loc":{"start":{"line":3,"column":28},"end":{"line":11,"column":null}}},"1":{"name":"(anonymous_3)","decl":{"start":{"line":6,"column":37},"end":{"line":6,"column":38}},"loc":{"start":{"line":7,"column":8},"end":{"line":7,"column":null}}}},"branchMap":{},"s":{"0":2,"1":1,"2":1,"3":12,"4":1},"f":{"0":2,"1":12},"b":{}}
,"C:\\Users\\58424\\Desktop\\rick-morty-app\\components\\episode\\episode-section.tsx": {"path":"C:\\Users\\58424\\Desktop\\rick-morty-app\\components\\episode\\episode-section.tsx","statementMap":{"0":{"start":{"line":164,"column":0},"end":{"line":164,"column":15}},"1":{"start":{"line":3,"column":40},"end":{"line":3,"column":null}},"2":{"start":{"line":4,"column":19},"end":{"line":4,"column":null}},"3":{"start":{"line":5,"column":21},"end":{"line":5,"column":null}},"4":{"start":{"line":6,"column":32},"end":{"line":6,"column":null}},"5":{"start":{"line":8,"column":37},"end":{"line":8,"column":null}},"6":{"start":{"line":10,"column":16},"end":{"line":10,"column":null}},"7":{"start":{"line":10,"column":33},"end":{"line":10,"column":null}},"8":{"start":{"line":10,"column":58},"end":{"line":10,"column":null}},"9":{"start":{"line":21,"column":34},"end":{"line":162,"column":null}},"10":{"start":{"line":27,"column":34},"end":{"line":27,"column":null}},"11":{"start":{"line":28,"column":32},"end":{"line":28,"column":null}},"12":{"start":{"line":30,"column":53},"end":{"line":32,"column":null}},"13":{"start":{"line":35,"column":53},"end":{"line":37,"column":null}},"14":{"start":{"line":40,"column":2},"end":{"line":97,"column":null}},"15":{"start":{"line":41,"column":26},"end":{"line":94,"column":null}},"16":{"start":{"line":42,"column":6},"end":{"line":45,"column":null}},"17":{"start":{"line":43,"column":8},"end":{"line":43,"column":null}},"18":{"start":{"line":44,"column":8},"end":{"line":44,"column":null}},"19":{"start":{"line":46,"column":6},"end":{"line":49,"column":null}},"20":{"start":{"line":47,"column":8},"end":{"line":47,"column":null}},"21":{"start":{"line":48,"column":8},"end":{"line":48,"column":null}},"22":{"start":{"line":50,"column":6},"end":{"line":53,"column":null}},"23":{"start":{"line":51,"column":8},"end":{"line":51,"column":null}},"24":{"start":{"line":52,"column":8},"end":{"line":52,"column":null}},"25":{"start":{"line":55,"column":6},"end":{"line":55,"column":null}},"26":{"start":{"line":57,"column":6},"end":{"line":93,"column":null}},"27":{"start":{"line":58,"column":36},"end":{"line":58,"column":38}},"28":{"start":{"line":60,"column":8},"end":{"line":74,"column":null}},"29":{"start":{"line":61,"column":32},"end":{"line":61,"column":52}},"30":{"start":{"line":62,"column":10},"end":{"line":63,"column":null}},"31":{"start":{"line":63,"column":20},"end":{"line":63,"column":null}},"32":{"start":{"line":65,"column":15},"end":{"line":74,"column":null}},"33":{"start":{"line":66,"column":32},"end":{"line":66,"column":52}},"34":{"start":{"line":67,"column":10},"end":{"line":68,"column":null}},"35":{"start":{"line":68,"column":20},"end":{"line":68,"column":null}},"36":{"start":{"line":70,"column":15},"end":{"line":74,"column":null}},"37":{"start":{"line":71,"column":10},"end":{"line":72,"column":null}},"38":{"start":{"line":72,"column":12},"end":{"line":72,"column":null}},"39":{"start":{"line":76,"column":8},"end":{"line":80,"column":null}},"40":{"start":{"line":77,"column":10},"end":{"line":77,"column":null}},"41":{"start":{"line":78,"column":10},"end":{"line":78,"column":null}},"42":{"start":{"line":79,"column":10},"end":{"line":79,"column":null}},"43":{"start":{"line":82,"column":27},"end":{"line":84,"column":null}},"44":{"start":{"line":83,"column":24},"end":{"line":83,"column":null}},"45":{"start":{"line":86,"column":21},"end":{"line":86,"column":null}},"46":{"start":{"line":87,"column":8},"end":{"line":87,"column":null}},"47":{"start":{"line":89,"column":8},"end":{"line":89,"column":null}},"48":{"start":{"line":90,"column":8},"end":{"line":90,"column":null}},"49":{"start":{"line":92,"column":8},"end":{"line":92,"column":null}},"50":{"start":{"line":96,"column":4},"end":{"line":96,"column":null}},"51":{"start":{"line":100,"column":4},"end":{"line":102,"column":null}},"52":{"start":{"line":104,"column":2},"end":{"line":117,"column":null}},"53":{"start":{"line":121,"column":2},"end":{"line":154,"column":null}},"54":{"start":{"line":122,"column":4},"end":{"line":122,"column":null}},"55":{"start":{"line":123,"column":9},"end":{"line":154,"column":null}},"56":{"start":{"line":133,"column":10},"end":{"line":134,"column":null}},"57":{"start":{"line":164,"column":15},"end":{"line":164,"column":null}}},"fnMap":{"0":{"name":"(anonymous_2)","decl":{"start":{"line":10,"column":16},"end":{"line":10,"column":17}},"loc":{"start":{"line":10,"column":33},"end":{"line":10,"column":null}}},"1":{"name":"(anonymous_3)","decl":{"start":{"line":10,"column":49},"end":{"line":10,"column":50}},"loc":{"start":{"line":10,"column":58},"end":{"line":10,"column":null}}},"2":{"name":"(anonymous_4)","decl":{"start":{"line":21,"column":34},"end":{"line":21,"column":35}},"loc":{"start":{"line":26,"column":1},"end":{"line":162,"column":null}}},"3":{"name":"(anonymous_5)","decl":{"start":{"line":40,"column":12},"end":{"line":40,"column":null}},"loc":{"start":{"line":40,"column":12},"end":{"line":97,"column":5}}},"4":{"name":"(anonymous_6)","decl":{"start":{"line":41,"column":26},"end":{"line":41,"column":null}},"loc":{"start":{"line":41,"column":26},"end":{"line":94,"column":null}}},"5":{"name":"(anonymous_7)","decl":{"start":{"line":63,"column":12},"end":{"line":63,"column":13}},"loc":{"start":{"line":63,"column":20},"end":{"line":63,"column":null}}},"6":{"name":"(anonymous_8)","decl":{"start":{"line":68,"column":12},"end":{"line":68,"column":13}},"loc":{"start":{"line":68,"column":20},"end":{"line":68,"column":null}}},"7":{"name":"(anonymous_9)","decl":{"start":{"line":71,"column":45},"end":{"line":71,"column":46}},"loc":{"start":{"line":72,"column":12},"end":{"line":72,"column":null}}},"8":{"name":"(anonymous_10)","decl":{"start":{"line":83,"column":15},"end":{"line":83,"column":16}},"loc":{"start":{"line":83,"column":24},"end":{"line":83,"column":null}}},"9":{"name":"(anonymous_11)","decl":{"start":{"line":132,"column":22},"end":{"line":132,"column":23}},"loc":{"start":{"line":133,"column":10},"end":{"line":134,"column":null}}}},"branchMap":{"0":{"loc":{"start":{"line":31,"column":4},"end":{"line":31,"column":null}},"type":"cond-expr","locations":[{"start":{"line":31,"column":19},"end":{"line":31,"column":57}},{"start":{"line":31,"column":60},"end":{"line":31,"column":null}}]},"1":{"loc":{"start":{"line":36,"column":4},"end":{"line":36,"column":null}},"type":"cond-expr","locations":[{"start":{"line":36,"column":19},"end":{"line":36,"column":57}},{"start":{"line":36,"column":60},"end":{"line":36,"column":null}}]},"2":{"loc":{"start":{"line":42,"column":6},"end":{"line":45,"column":null}},"type":"if","locations":[{"start":{"line":42,"column":6},"end":{"line":45,"column":null}},{"start":{},"end":{}}]},"3":{"loc":{"start":{"line":42,"column":10},"end":{"line":42,"column":38}},"type":"binary-expr","locations":[{"start":{"line":42,"column":10},"end":{"line":42,"column":30}},{"start":{"line":42,"column":30},"end":{"line":42,"column":38}}]},"4":{"loc":{"start":{"line":46,"column":6},"end":{"line":49,"column":null}},"type":"if","locations":[{"start":{"line":46,"column":6},"end":{"line":49,"column":null}},{"start":{},"end":{}}]},"5":{"loc":{"start":{"line":46,"column":10},"end":{"line":46,"column":38}},"type":"binary-expr","locations":[{"start":{"line":46,"column":10},"end":{"line":46,"column":30}},{"start":{"line":46,"column":30},"end":{"line":46,"column":38}}]},"6":{"loc":{"start":{"line":50,"column":6},"end":{"line":53,"column":null}},"type":"if","locations":[{"start":{"line":50,"column":6},"end":{"line":53,"column":null}},{"start":{},"end":{}}]},"7":{"loc":{"start":{"line":50,"column":10},"end":{"line":50,"column":51}},"type":"binary-expr","locations":[{"start":{"line":50,"column":10},"end":{"line":50,"column":32}},{"start":{"line":50,"column":32},"end":{"line":50,"column":42}},{"start":{"line":50,"column":42},"end":{"line":50,"column":47}}]},"8":{"loc":{"start":{"line":60,"column":8},"end":{"line":74,"column":null}},"type":"if","locations":[{"start":{"line":60,"column":8},"end":{"line":74,"column":null}},{"start":{"line":65,"column":15},"end":{"line":74,"column":null}}]},"9":{"loc":{"start":{"line":60,"column":12},"end":{"line":60,"column":39}},"type":"binary-expr","locations":[{"start":{"line":60,"column":12},"end":{"line":60,"column":32}},{"start":{"line":60,"column":32},"end":{"line":60,"column":39}}]},"10":{"loc":{"start":{"line":61,"column":32},"end":{"line":61,"column":52}},"type":"binary-expr","locations":[{"start":{"line":61,"column":32},"end":{"line":61,"column":50}},{"start":{"line":61,"column":50},"end":{"line":61,"column":52}}]},"11":{"loc":{"start":{"line":65,"column":15},"end":{"line":74,"column":null}},"type":"if","locations":[{"start":{"line":65,"column":15},"end":{"line":74,"column":null}},{"start":{"line":70,"column":15},"end":{"line":74,"column":null}}]},"12":{"loc":{"start":{"line":65,"column":19},"end":{"line":65,"column":46}},"type":"binary-expr","locations":[{"start":{"line":65,"column":19},"end":{"line":65,"column":39}},{"start":{"line":65,"column":39},"end":{"line":65,"column":46}}]},"13":{"loc":{"start":{"line":66,"column":32},"end":{"line":66,"column":52}},"type":"binary-expr","locations":[{"start":{"line":66,"column":32},"end":{"line":66,"column":50}},{"start":{"line":66,"column":50},"end":{"line":66,"column":52}}]},"14":{"loc":{"start":{"line":70,"column":15},"end":{"line":74,"column":null}},"type":"if","locations":[{"start":{"line":70,"column":15},"end":{"line":74,"column":null}},{"start":{},"end":{}}]},"15":{"loc":{"start":{"line":70,"column":19},"end":{"line":70,"column":56}},"type":"binary-expr","locations":[{"start":{"line":70,"column":19},"end":{"line":70,"column":40}},{"start":{"line":70,"column":40},"end":{"line":70,"column":49}},{"start":{"line":70,"column":49},"end":{"line":70,"column":56}}]},"16":{"loc":{"start":{"line":76,"column":8},"end":{"line":80,"column":null}},"type":"if","locations":[{"start":{"line":76,"column":8},"end":{"line":80,"column":null}},{"start":{},"end":{}}]},"17":{"loc":{"start":{"line":100,"column":4},"end":{"line":102,"column":null}},"type":"binary-expr","locations":[{"start":{"line":100,"column":4},"end":{"line":100,"column":25}},{"start":{"line":100,"column":25},"end":{"line":100,"column":null}},{"start":{"line":101,"column":5},"end":{"line":101,"column":25}},{"start":{"line":101,"column":25},"end":{"line":101,"column":null}},{"start":{"line":102,"column":5},"end":{"line":102,"column":26}},{"start":{"line":102,"column":26},"end":{"line":102,"column":42}},{"start":{"line":102,"column":42},"end":{"line":102,"column":null}}]},"18":{"loc":{"start":{"line":104,"column":2},"end":{"line":117,"column":null}},"type":"if","locations":[{"start":{"line":104,"column":2},"end":{"line":117,"column":null}},{"start":{},"end":{}}]},"19":{"loc":{"start":{"line":110,"column":13},"end":{"line":112,"column":68}},"type":"cond-expr","locations":[{"start":{"line":111,"column":16},"end":{"line":111,"column":null}},{"start":{"line":112,"column":16},"end":{"line":112,"column":68}}]},"20":{"loc":{"start":{"line":121,"column":2},"end":{"line":154,"column":null}},"type":"if","locations":[{"start":{"line":121,"column":2},"end":{"line":154,"column":null}},{"start":{"line":123,"column":9},"end":{"line":154,"column":null}}]},"21":{"loc":{"start":{"line":121,"column":6},"end":{"line":121,"column":51}},"type":"binary-expr","locations":[{"start":{"line":121,"column":6},"end":{"line":121,"column":17}},{"start":{"line":121,"column":17},"end":{"line":121,"column":35}},{"start":{"line":121,"column":35},"end":{"line":121,"column":51}}]},"22":{"loc":{"start":{"line":123,"column":9},"end":{"line":154,"column":null}},"type":"if","locations":[{"start":{"line":123,"column":9},"end":{"line":154,"column":null}},{"start":{"line":129,"column":9},"end":{"line":154,"column":null}}]}},"s":{"0":14,"1":2,"2":2,"3":2,"4":2,"5":2,"6":2,"7":0,"8":0,"9":2,"10":29,"11":29,"12":29,"13":29,"14":29,"15":14,"16":14,"17":4,"18":4,"19":10,"20":3,"21":3,"22":7,"23":4,"24":4,"25":3,"26":3,"27":3,"28":3,"29":3,"30":3,"31":4,"32":0,"33":0,"34":0,"35":0,"36":0,"37":0,"38":0,"39":3,"40":1,"41":1,"42":1,"43":2,"44":3,"45":2,"46":1,"47":1,"48":1,"49":3,"50":14,"51":29,"52":29,"53":7,"54":1,"55":6,"56":2,"57":2},"f":{"0":0,"1":0,"2":29,"3":14,"4":14,"5":4,"6":0,"7":0,"8":3,"9":2},"b":{"0":[9,20],"1":[2,27],"2":[4,10],"3":[14,7],"4":[3,7],"5":[10,3],"6":[4,3],"7":[7,4,1],"8":[3,0],"9":[3,3],"10":[3,2],"11":[0,0],"12":[0,0],"13":[0,0],"14":[0,0],"15":[0,0,0],"16":[1,2],"17":[29,15,22,6,22,8,2],"18":[22,7],"19":[8,14],"20":[1,6],"21":[7,6,6],"22":[5,1]}}
,"C:\\Users\\58424\\Desktop\\rick-morty-app\\components\\episode\\episode-skeleton.tsx": {"path":"C:\\Users\\58424\\Desktop\\rick-morty-app\\components\\episode\\episode-skeleton.tsx","statementMap":{"0":{"start":{"line":17,"column":0},"end":{"line":17,"column":15}},"1":{"start":{"line":1,"column":21},"end":{"line":1,"column":null}},"2":{"start":{"line":3,"column":24},"end":{"line":15,"column":null}},"3":{"start":{"line":17,"column":15},"end":{"line":17,"column":null}}},"fnMap":{"0":{"name":"(anonymous_1)","decl":{"start":{"line":3,"column":24},"end":{"line":3,"column":null}},"loc":{"start":{"line":3,"column":24},"end":{"line":15,"column":null}}}},"branchMap":{},"s":{"0":2,"1":3,"2":3,"3":3},"f":{"0":2},"b":{}}
,"C:\\Users\\58424\\Desktop\\rick-morty-app\\components\\ui\\button.tsx": {"path":"C:\\Users\\58424\\Desktop\\rick-morty-app\\components\\ui\\button.tsx","statementMap":{"0":{"start":{"line":59,"column":9},"end":{"line":59,"column":15}},"1":{"start":{"line":59,"column":17},"end":{"line":59,"column":31}},"2":{"start":{"line":1,"column":23},"end":{"line":1,"column":null}},"3":{"start":{"line":2,"column":21},"end":{"line":2,"column":null}},"4":{"start":{"line":3,"column":39},"end":{"line":3,"column":null}},"5":{"start":{"line":5,"column":19},"end":{"line":5,"column":null}},"6":{"start":{"line":7,"column":23},"end":{"line":35,"column":null}},"7":{"start":{"line":48,"column":15},"end":{"line":48,"column":null}}},"fnMap":{"0":{"name":"Button","decl":{"start":{"line":38,"column":9},"end":{"line":38,"column":16}},"loc":{"start":{"line":47,"column":3},"end":{"line":57,"column":null}}}},"branchMap":{"0":{"loc":{"start":{"line":42,"column":2},"end":{"line":42,"column":17}},"type":"default-arg","locations":[{"start":{"line":42,"column":12},"end":{"line":42,"column":17}}]},"1":{"loc":{"start":{"line":48,"column":15},"end":{"line":48,"column":null}},"type":"cond-expr","locations":[{"start":{"line":48,"column":25},"end":{"line":48,"column":29}},{"start":{"line":48,"column":32},"end":{"line":48,"column":null}}]}},"s":{"0":41,"1":0,"2":3,"3":3,"4":3,"5":3,"6":3,"7":40},"f":{"0":40},"b":{"0":[40],"1":[0,40]}}
,"C:\\Users\\58424\\Desktop\\rick-morty-app\\components\\ui\\card.tsx": {"path":"C:\\Users\\58424\\Desktop\\rick-morty-app\\components\\ui\\card.tsx","statementMap":{"0":{"start":{"line":85,"column":2},"end":{"line":85,"column":6}},"1":{"start":{"line":89,"column":2},"end":{"line":89,"column":12}},"2":{"start":{"line":91,"column":2},"end":{"line":91,"column":13}},"3":{"start":{"line":90,"column":2},"end":{"line":90,"column":17}},"4":{"start":{"line":87,"column":2},"end":{"line":87,"column":12}},"5":{"start":{"line":86,"column":2},"end":{"line":86,"column":12}},"6":{"start":{"line":88,"column":2},"end":{"line":88,"column":11}},"7":{"start":{"line":1,"column":23},"end":{"line":1,"column":null}},"8":{"start":{"line":3,"column":19},"end":{"line":3,"column":null}}},"fnMap":{"0":{"name":"Card","decl":{"start":{"line":5,"column":9},"end":{"line":5,"column":14}},"loc":{"start":{"line":5,"column":66},"end":{"line":16,"column":null}}},"1":{"name":"CardHeader","decl":{"start":{"line":18,"column":9},"end":{"line":18,"column":20}},"loc":{"start":{"line":18,"column":72},"end":{"line":29,"column":null}}},"2":{"name":"CardTitle","decl":{"start":{"line":31,"column":9},"end":{"line":31,"column":19}},"loc":{"start":{"line":31,"column":71},"end":{"line":39,"column":null}}},"3":{"name":"CardDescription","decl":{"start":{"line":41,"column":9},"end":{"line":41,"column":25}},"loc":{"start":{"line":41,"column":77},"end":{"line":49,"column":null}}},"4":{"name":"CardAction","decl":{"start":{"line":51,"column":9},"end":{"line":51,"column":20}},"loc":{"start":{"line":51,"column":72},"end":{"line":62,"column":null}}},"5":{"name":"CardContent","decl":{"start":{"line":64,"column":9},"end":{"line":64,"column":21}},"loc":{"start":{"line":64,"column":73},"end":{"line":72,"column":null}}},"6":{"name":"CardFooter","decl":{"start":{"line":74,"column":9},"end":{"line":74,"column":20}},"loc":{"start":{"line":74,"column":72},"end":{"line":82,"column":null}}}},"branchMap":{},"s":{"0":55,"1":0,"2":0,"3":0,"4":0,"5":0,"6":0,"7":5,"8":5},"f":{"0":55,"1":0,"2":0,"3":0,"4":0,"5":0,"6":0},"b":{}}
,"C:\\Users\\58424\\Desktop\\rick-morty-app\\components\\ui\\input.tsx": {"path":"C:\\Users\\58424\\Desktop\\rick-morty-app\\components\\ui\\input.tsx","statementMap":{"0":{"start":{"line":21,"column":9},"end":{"line":21,"column":null}},"1":{"start":{"line":1,"column":23},"end":{"line":1,"column":null}},"2":{"start":{"line":3,"column":19},"end":{"line":3,"column":null}}},"fnMap":{"0":{"name":"Input","decl":{"start":{"line":5,"column":9},"end":{"line":5,"column":15}},"loc":{"start":{"line":5,"column":75},"end":{"line":19,"column":null}}}},"branchMap":{},"s":{"0":16,"1":2,"2":2},"f":{"0":16},"b":{}}
,"C:\\Users\\58424\\Desktop\\rick-morty-app\\lib\\api.ts": {"path":"C:\\Users\\58424\\Desktop\\rick-morty-app\\lib\\api.ts","statementMap":{"0":{"start":{"line":4,"column":13},"end":{"line":4,"column":20}},"1":{"start":{"line":6,"column":22},"end":{"line":6,"column":35}},"2":{"start":{"line":23,"column":22},"end":{"line":23,"column":33}},"3":{"start":{"line":4,"column":23},"end":{"line":4,"column":null}},"4":{"start":{"line":7,"column":2},"end":{"line":20,"column":null}},"5":{"start":{"line":8,"column":21},"end":{"line":10,"column":null}},"6":{"start":{"line":12,"column":4},"end":{"line":14,"column":null}},"7":{"start":{"line":13,"column":6},"end":{"line":13,"column":null}},"8":{"start":{"line":16,"column":4},"end":{"line":16,"column":null}},"9":{"start":{"line":18,"column":4},"end":{"line":18,"column":null}},"10":{"start":{"line":19,"column":4},"end":{"line":19,"column":null}},"11":{"start":{"line":24,"column":2},"end":{"line":38,"column":null}},"12":{"start":{"line":25,"column":21},"end":{"line":27,"column":null}},"13":{"start":{"line":29,"column":4},"end":{"line":31,"column":null}},"14":{"start":{"line":30,"column":6},"end":{"line":30,"column":null}},"15":{"start":{"line":33,"column":17},"end":{"line":33,"column":null}},"16":{"start":{"line":34,"column":4},"end":{"line":34,"column":null}},"17":{"start":{"line":36,"column":4},"end":{"line":36,"column":null}},"18":{"start":{"line":37,"column":4},"end":{"line":37,"column":null}}},"fnMap":{"0":{"name":"getCharacters","decl":{"start":{"line":6,"column":22},"end":{"line":6,"column":35}},"loc":{"start":{"line":6,"column":44},"end":{"line":21,"column":null}}},"1":{"name":"getEpisodes","decl":{"start":{"line":23,"column":22},"end":{"line":23,"column":33}},"loc":{"start":{"line":23,"column":52},"end":{"line":39,"column":null}}}},"branchMap":{"0":{"loc":{"start":{"line":4,"column":23},"end":{"line":4,"column":null}},"type":"binary-expr","locations":[{"start":{"line":4,"column":23},"end":{"line":4,"column":42}},{"start":{"line":4,"column":46},"end":{"line":4,"column":null}}]},"1":{"loc":{"start":{"line":6,"column":36},"end":{"line":6,"column":44}},"type":"default-arg","locations":[{"start":{"line":6,"column":43},"end":{"line":6,"column":44}}]},"2":{"loc":{"start":{"line":12,"column":4},"end":{"line":14,"column":null}},"type":"if","locations":[{"start":{"line":12,"column":4},"end":{"line":14,"column":null}},{"start":{},"end":{}}]},"3":{"loc":{"start":{"line":29,"column":4},"end":{"line":31,"column":null}},"type":"if","locations":[{"start":{"line":29,"column":4},"end":{"line":31,"column":null}},{"start":{},"end":{}}]},"4":{"loc":{"start":{"line":34,"column":11},"end":{"line":34,"column":null}},"type":"cond-expr","locations":[{"start":{"line":34,"column":33},"end":{"line":34,"column":40}},{"start":{"line":34,"column":40},"end":{"line":34,"column":null}}]}},"s":{"0":20,"1":2,"2":2,"3":4,"4":2,"5":2,"6":2,"7":1,"8":1,"9":1,"10":1,"11":2,"12":2,"13":2,"14":0,"15":2,"16":2,"17":0,"18":0},"f":{"0":2,"1":2},"b":{"0":[4,0],"1":[0],"2":[1,1],"3":[0,2],"4":[1,1]}}
,"C:\\Users\\58424\\Desktop\\rick-morty-app\\lib\\utils.ts": {"path":"C:\\Users\\58424\\Desktop\\rick-morty-app\\lib\\utils.ts","statementMap":{"0":{"start":{"line":4,"column":16},"end":{"line":4,"column":19}},"1":{"start":{"line":1,"column":38},"end":{"line":1,"column":null}},"2":{"start":{"line":2,"column":24},"end":{"line":2,"column":null}},"3":{"start":{"line":5,"column":2},"end":{"line":5,"column":null}}},"fnMap":{"0":{"name":"cn","decl":{"start":{"line":4,"column":16},"end":{"line":4,"column":19}},"loc":{"start":{"line":4,"column":42},"end":{"line":6,"column":null}}}},"branchMap":{},"s":{"0":121,"1":7,"2":7,"3":121},"f":{"0":121},"b":{}}
}
