TN:
SF:app\layout.tsx
FN:13,RootLayout
FNF:1
FNH:0
FNDA:0,RootLayout
DA:2,0
DA:3,0
DA:4,0
DA:6,0
DA:13,0
LF:5
LH:0
BRF:0
BRH:0
end_of_record
TN:
SF:app\page.tsx
FN:5,Home
FNF:1
FNH:1
FNDA:2,Home
DA:1,2
DA:2,2
DA:3,2
DA:5,2
DA:6,2
LF:5
LH:5
BRF:0
BRH:0
end_of_record
TN:
SF:components\app-header.tsx
FN:10,(anonymous_2)
FNF:1
FNH:1
FNDA:4,(anonymous_2)
DA:1,3
DA:10,3
DA:29,4
LF:3
LH:3
BRDA:11,0,0,3
BRDA:12,1,0,3
BRDA:13,2,0,3
BRF:3
BRH:3
end_of_record
TN:
SF:components\theme-toggle.tsx
FN:7,(anonymous_1)
FN:10,(anonymous_2)
FN:20,(anonymous_3)
FNF:3
FNH:3
FNDA:9,(anonymous_1)
FNDA:4,(anonymous_2)
FNDA:2,(anonymous_3)
DA:3,1
DA:4,1
DA:5,1
DA:7,1
DA:8,9
DA:10,9
DA:11,4
DA:12,4
DA:15,4
DA:16,4
DA:17,4
DA:20,9
DA:21,2
DA:22,2
DA:23,2
DA:24,2
DA:44,4
LF:17
LH:17
BRDA:15,0,0,4
BRDA:15,0,1,3
BRDA:15,1,0,1
BRDA:15,1,1,2
BRDA:21,2,0,1
BRDA:21,2,1,1
BRDA:35,3,0,5
BRF:7
BRH:7
end_of_record
TN:
SF:components\character\character-card.tsx
FN:16,(anonymous_2)
FNF:1
FNH:1
FNDA:5,(anonymous_2)
DA:4,2
DA:5,2
DA:7,2
DA:16,2
DA:23,5
DA:65,5
LF:6
LH:6
BRDA:23,0,0,5
BRDA:23,0,1,0
BRDA:33,1,0,5
BRDA:33,1,1,1
BRDA:33,1,2,1
BRDA:36,2,0,5
BRDA:36,2,1,1
BRDA:36,2,2,0
BRDA:44,3,0,5
BRDA:44,3,1,0
BRF:10
BRH:7
end_of_record
TN:
SF:components\character\character-column.tsx
FN:13,(anonymous_2)
FN:13,(anonymous_3)
FN:23,(anonymous_4)
FN:46,(anonymous_5)
FN:50,(anonymous_6)
FN:54,(anonymous_7)
FN:94,(anonymous_8)
FN:110,(anonymous_9)
FN:115,(anonymous_10)
FNF:9
FNH:6
FNDA:0,(anonymous_2)
FNDA:0,(anonymous_3)
FNDA:16,(anonymous_4)
FNDA:0,(anonymous_5)
FNDA:2,(anonymous_6)
FNDA:1,(anonymous_7)
FNDA:1,(anonymous_8)
FNDA:17,(anonymous_9)
FNDA:1,(anonymous_10)
DA:3,2
DA:4,2
DA:5,2
DA:6,2
DA:7,2
DA:8,2
DA:9,2
DA:11,2
DA:13,2
DA:23,2
DA:30,16
DA:31,16
DA:33,16
DA:37,16
DA:46,16
DA:47,0
DA:50,16
DA:51,2
DA:54,16
DA:55,1
DA:56,1
DA:94,1
DA:111,17
DA:115,1
DA:128,13
LF:25
LH:24
BRDA:34,0,0,1
BRDA:34,0,1,15
BRDA:41,1,0,13
BRDA:41,1,1,3
BRDA:41,2,0,16
BRDA:41,2,1,14
BRDA:47,3,0,0
BRDA:47,3,1,0
BRDA:51,4,0,2
BRDA:51,4,1,0
BRDA:68,5,0,16
BRDA:68,5,1,2
BRDA:74,6,0,16
BRDA:74,6,1,6
BRDA:80,7,0,16
BRDA:80,7,1,8
BRDA:101,8,0,0
BRDA:105,9,0,0
BRDA:104,10,0,16
BRDA:104,10,1,16
BRDA:106,11,0,0
BRDA:106,11,1,0
BRF:22
BRH:15
end_of_record
TN:
SF:components\character\character-grid-skeleton.tsx
FN:3,(anonymous_2)
FN:6,(anonymous_3)
FNF:2
FNH:2
FNDA:2,(anonymous_2)
FNDA:18,(anonymous_3)
DA:1,2
DA:3,2
DA:7,18
DA:13,2
LF:4
LH:4
BRF:0
BRH:0
end_of_record
TN:
SF:components\character\character-selection.tsx
FN:13,(anonymous_2)
FNF:1
FNH:1
FNDA:3,(anonymous_2)
DA:3,1
DA:4,1
DA:5,1
DA:13,1
DA:14,3
DA:17,3
DA:66,3
LF:7
LH:7
BRF:0
BRH:0
end_of_record
TN:
SF:components\character\character-skeleton.tsx
FN:3,(anonymous_1)
FNF:1
FNH:1
FNDA:19,(anonymous_1)
DA:1,2
DA:3,2
DA:18,19
LF:3
LH:3
BRF:0
BRH:0
end_of_record
TN:
SF:components\episode\episode-grid-skeleton.tsx
FN:3,(anonymous_2)
FN:6,(anonymous_3)
FNF:2
FNH:2
FNDA:2,(anonymous_2)
FNDA:12,(anonymous_3)
DA:1,1
DA:3,1
DA:7,12
DA:13,2
LF:4
LH:4
BRF:0
BRH:0
end_of_record
TN:
SF:components\episode\episode-section.tsx
FN:10,(anonymous_2)
FN:10,(anonymous_3)
FN:21,(anonymous_4)
FN:40,(anonymous_5)
FN:41,(anonymous_6)
FN:63,(anonymous_7)
FN:68,(anonymous_8)
FN:71,(anonymous_9)
FN:83,(anonymous_10)
FN:132,(anonymous_11)
FNF:10
FNH:6
FNDA:0,(anonymous_2)
FNDA:0,(anonymous_3)
FNDA:29,(anonymous_4)
FNDA:14,(anonymous_5)
FNDA:14,(anonymous_6)
FNDA:4,(anonymous_7)
FNDA:0,(anonymous_8)
FNDA:0,(anonymous_9)
FNDA:3,(anonymous_10)
FNDA:2,(anonymous_11)
DA:3,2
DA:4,2
DA:5,2
DA:6,2
DA:8,2
DA:10,2
DA:21,2
DA:27,29
DA:28,29
DA:30,29
DA:35,29
DA:40,29
DA:41,14
DA:42,14
DA:43,4
DA:44,4
DA:46,10
DA:47,3
DA:48,3
DA:50,7
DA:51,4
DA:52,4
DA:55,3
DA:57,3
DA:58,3
DA:60,3
DA:61,3
DA:62,3
DA:63,4
DA:65,0
DA:66,0
DA:67,0
DA:68,0
DA:70,0
DA:71,0
DA:72,0
DA:76,3
DA:77,1
DA:78,1
DA:79,1
DA:82,2
DA:83,3
DA:86,2
DA:87,1
DA:89,1
DA:90,1
DA:92,3
DA:96,14
DA:100,29
DA:104,29
DA:121,7
DA:122,1
DA:123,6
DA:133,2
DA:164,14
LF:55
LH:48
BRDA:31,0,0,9
BRDA:31,0,1,20
BRDA:36,1,0,2
BRDA:36,1,1,27
BRDA:42,2,0,4
BRDA:42,2,1,10
BRDA:42,3,0,14
BRDA:42,3,1,7
BRDA:46,4,0,3
BRDA:46,4,1,7
BRDA:46,5,0,10
BRDA:46,5,1,3
BRDA:50,6,0,4
BRDA:50,6,1,3
BRDA:50,7,0,7
BRDA:50,7,1,4
BRDA:50,7,2,1
BRDA:60,8,0,3
BRDA:60,8,1,0
BRDA:60,9,0,3
BRDA:60,9,1,3
BRDA:61,10,0,3
BRDA:61,10,1,2
BRDA:65,11,0,0
BRDA:65,11,1,0
BRDA:65,12,0,0
BRDA:65,12,1,0
BRDA:66,13,0,0
BRDA:66,13,1,0
BRDA:70,14,0,0
BRDA:70,14,1,0
BRDA:70,15,0,0
BRDA:70,15,1,0
BRDA:70,15,2,0
BRDA:76,16,0,1
BRDA:76,16,1,2
BRDA:100,17,0,29
BRDA:100,17,1,15
BRDA:100,17,2,22
BRDA:100,17,3,6
BRDA:100,17,4,22
BRDA:100,17,5,8
BRDA:100,17,6,2
BRDA:104,18,0,22
BRDA:104,18,1,7
BRDA:110,19,0,8
BRDA:110,19,1,14
BRDA:121,20,0,1
BRDA:121,20,1,6
BRDA:121,21,0,7
BRDA:121,21,1,6
BRDA:121,21,2,6
BRDA:123,22,0,5
BRDA:123,22,1,1
BRF:54
BRH:42
end_of_record
TN:
SF:components\episode\episode-skeleton.tsx
FN:3,(anonymous_1)
FNF:1
FNH:1
FNDA:2,(anonymous_1)
DA:1,3
DA:3,3
DA:17,3
LF:3
LH:3
BRF:0
BRH:0
end_of_record
TN:
SF:components\ui\button.tsx
FN:38,Button
FNF:1
FNH:1
FNDA:40,Button
DA:1,3
DA:2,3
DA:3,3
DA:5,3
DA:7,3
DA:48,40
DA:59,41
LF:7
LH:7
BRDA:42,0,0,40
BRDA:48,1,0,0
BRDA:48,1,1,40
BRF:3
BRH:2
end_of_record
TN:
SF:components\ui\card.tsx
FN:5,Card
FN:18,CardHeader
FN:31,CardTitle
FN:41,CardDescription
FN:51,CardAction
FN:64,CardContent
FN:74,CardFooter
FNF:7
FNH:1
FNDA:55,Card
FNDA:0,CardHeader
FNDA:0,CardTitle
FNDA:0,CardDescription
FNDA:0,CardAction
FNDA:0,CardContent
FNDA:0,CardFooter
DA:1,5
DA:3,5
DA:85,55
DA:86,0
DA:87,0
DA:88,0
DA:89,0
DA:90,0
DA:91,0
LF:9
LH:3
BRF:0
BRH:0
end_of_record
TN:
SF:components\ui\input.tsx
FN:5,Input
FNF:1
FNH:1
FNDA:16,Input
DA:1,2
DA:3,2
DA:21,16
LF:3
LH:3
BRF:0
BRH:0
end_of_record
TN:
SF:lib\api.ts
FN:6,getCharacters
FN:23,getEpisodes
FNF:2
FNH:2
FNDA:2,getCharacters
FNDA:2,getEpisodes
DA:4,20
DA:6,2
DA:7,2
DA:8,2
DA:12,2
DA:13,1
DA:16,1
DA:18,1
DA:19,1
DA:23,2
DA:24,2
DA:25,2
DA:29,2
DA:30,0
DA:33,2
DA:34,2
DA:36,0
DA:37,0
LF:18
LH:15
BRDA:4,0,0,4
BRDA:4,0,1,0
BRDA:6,1,0,0
BRDA:12,2,0,1
BRDA:12,2,1,1
BRDA:29,3,0,0
BRDA:29,3,1,2
BRDA:34,4,0,1
BRDA:34,4,1,1
BRF:9
BRH:6
end_of_record
TN:
SF:lib\utils.ts
FN:4,cn
FNF:1
FNH:1
FNDA:121,cn
DA:1,7
DA:2,7
DA:4,121
DA:5,121
LF:4
LH:4
BRF:0
BRH:0
end_of_record
